d:\softwaredev_projects\smoothie\lib\debug\smoothieengine.pdb
d:\softwaredev_projects\smoothie\smoothieengine\smoothieengine.dir\debug\parsexml.obj
d:\softwaredev_projects\smoothie\smoothieengine\smoothieengine.dir\debug\vector3.obj
d:\softwaredev_projects\smoothie\smoothieengine\smoothieengine.dir\debug\smoothiedebug.obj
d:\softwaredev_projects\smoothie\smoothieengine\smoothieengine.dir\debug\hdr.obj
d:\softwaredev_projects\smoothie\smoothieengine\smoothieengine.dir\debug\uniformbuffers.obj
d:\softwaredev_projects\smoothie\smoothieengine\smoothieengine.dir\debug\camera.obj
d:\softwaredev_projects\smoothie\smoothieengine\smoothieengine.dir\debug\scene.obj
d:\softwaredev_projects\smoothie\smoothieengine\smoothieengine.dir\debug\skybox.obj
d:\softwaredev_projects\smoothie\smoothieengine\smoothieengine.dir\debug\model.obj
d:\softwaredev_projects\smoothie\smoothieengine\smoothieengine.dir\debug\deferredshading.obj
d:\softwaredev_projects\smoothie\smoothieengine\smoothieengine.dir\debug\matrix4x4.obj
d:\softwaredev_projects\smoothie\smoothieengine\smoothieengine.dir\debug\vertexbuffer.obj
d:\softwaredev_projects\smoothie\smoothieengine\smoothieengine.dir\debug\vertexarrayobject.obj
d:\softwaredev_projects\smoothie\smoothieengine\smoothieengine.dir\debug\texture.obj
d:\softwaredev_projects\smoothie\smoothieengine\smoothieengine.dir\debug\shadowmaps.obj
d:\softwaredev_projects\smoothie\smoothieengine\smoothieengine.dir\debug\shader.obj
d:\softwaredev_projects\smoothie\smoothieengine\smoothieengine.dir\debug\ssao.obj
d:\softwaredev_projects\smoothie\smoothieengine\smoothieengine.dir\debug\postprocessing.obj
d:\softwaredev_projects\smoothie\smoothieengine\smoothieengine.dir\debug\mesh.obj
d:\softwaredev_projects\smoothie\smoothieengine\smoothieengine.dir\debug\indexbuffer.obj
d:\softwaredev_projects\smoothie\smoothieengine\smoothieengine.dir\debug\vector4.obj
d:\softwaredev_projects\smoothie\smoothieengine\smoothieengine.dir\debug\smoothiecore.obj
d:\softwaredev_projects\smoothie\smoothieengine\cmakefiles\generate.stamp
d:\softwaredev_projects\smoothie\lib\debug\smoothieengine.lib
d:\softwaredev_projects\smoothie\smoothieengine\smoothieengine.dir\debug\smoothieengine.tlog\cl.command.1.tlog
d:\softwaredev_projects\smoothie\smoothieengine\smoothieengine.dir\debug\smoothieengine.tlog\cl.items.tlog
d:\softwaredev_projects\smoothie\smoothieengine\smoothieengine.dir\debug\smoothieengine.tlog\cl.read.1.tlog
d:\softwaredev_projects\smoothie\smoothieengine\smoothieengine.dir\debug\smoothieengine.tlog\cl.write.1.tlog
d:\softwaredev_projects\smoothie\smoothieengine\smoothieengine.dir\debug\smoothieengine.tlog\custombuild.command.1.tlog
d:\softwaredev_projects\smoothie\smoothieengine\smoothieengine.dir\debug\smoothieengine.tlog\custombuild.read.1.tlog
d:\softwaredev_projects\smoothie\smoothieengine\smoothieengine.dir\debug\smoothieengine.tlog\custombuild.write.1.tlog
d:\softwaredev_projects\smoothie\smoothieengine\smoothieengine.dir\debug\smoothieengine.tlog\lib-link.read.1.tlog
d:\softwaredev_projects\smoothie\smoothieengine\smoothieengine.dir\debug\smoothieengine.tlog\lib-link.write.1.tlog
d:\softwaredev_projects\smoothie\smoothieengine\smoothieengine.dir\debug\smoothieengine.tlog\lib.command.1.tlog
